<?xml version="1.0" encoding="utf-8"?><testsuite errors="0" failures="0" name="pytest" skipped="0" tests="8" time="9.294"><testcase classname="tests.test_backend_searching" file="tests/test_backend_searching.py" line="6" name="test_search_with_no_content" time="0.587"></testcase><testcase classname="tests.test_backend_searching" file="tests/test_backend_searching.py" line="15" name="test_basic_search" time="0.595"></testcase><testcase classname="tests.test_documentops" file="tests/test_documentops.py" line="6" name="test_document_add" time="0.552"></testcase><testcase classname="tests.test_documentops" file="tests/test_documentops.py" line="59" name="test_remove_on_emtpy" time="0.026"></testcase><testcase classname="tests.test_documentops" file="tests/test_documentops.py" line="88" name="test_add_remove" time="0.355"></testcase><testcase classname="tests.test_querying" file="tests/test_querying.py" line="10" name="test_searching" time="5.500"></testcase><testcase classname="tests.test_serviceapi" file="tests/test_serviceapi.py" line="11" name="test_service_is_running" time="0.017"></testcase><testcase classname="tests.test_serviceapi" file="tests/test_serviceapi.py" line="25" name="test_batch_document_upload_add" time="0.640"></testcase></testsuite>